<?xml version="1.0" encoding="UTF-8"?>
<!-- Generated by org.testng.reporters.JUnitReportReporter -->
<testsuite skipped="0" hostname="PC17ZGQS" name="com.w2a.testcases.LoginTest" tests="1" failures="0" timestamp="2021-07-25T13:27:12 IST" time="6.841" errors="0">
  <testcase name="loginTest" time="6.841" classname="com.w2a.testcases.LoginTest"/>
  <system-out/>
</testsuite> <!-- com.w2a.testcases.LoginTest -->
